  ev_matrix.cpp
C:\Users\ethan\source\repos\Labs\LabTest\ev_vector.h(20,23): error C2061: синтаксическая ошибка: идентификатор "ev_matrix"
  (компиляция исходного файла "ev_matrix.cpp")
  
C:\Users\ethan\source\repos\Labs\LabTest\ev_matrix.cpp(33,15): warning C4244: аргумент: преобразование "time_t" в "unsigned int", возможна потеря данных
C:\Users\ethan\source\repos\Labs\LabTest\ev_matrix.cpp(61,39): error C2676: бинарный "*": "ev_vector" не определяет этот оператор или преобразование к типу приемлемо к встроенному оператору
  ev_vector.cpp
C:\Users\ethan\source\repos\Labs\LabTest\ev_matrix.h(12,9): error C2065: ev_vector: необъявленный идентификатор
  (компиляция исходного файла "ev_vector.cpp")
  
C:\Users\ethan\source\repos\Labs\LabTest\ev_matrix.h(12,2): error C2923: std::vector: "ev_vector" не является допустимым аргументом типа шаблон для параметра "_Ty"
  (компиляция исходного файла "ev_vector.cpp")
  C:\Users\ethan\source\repos\Labs\LabTest\ev_matrix.h(12,9):
   см. объявление "ev_vector"
  
C:\Users\ethan\source\repos\Labs\LabTest\ev_matrix.h(12,2): error C2976: std::vector: слишком мало аргументов шаблон
  (компиляция исходного файла "ev_vector.cpp")
  C:\Program Files\Microsoft Visual Studio\2022\Community\VC\Tools\MSVC\14.38.33130\include\vector(436,1):
   см. объявление "std::vector"
  
C:\Users\ethan\source\repos\Labs\LabTest\ev_vector.cpp(22,15): warning C4244: аргумент: преобразование "time_t" в "unsigned int", возможна потеря данных
  LabTest.cpp
C:\Users\ethan\source\repos\Labs\LabTest\ev_vector.h(20,23): error C2061: синтаксическая ошибка: идентификатор "ev_matrix"
  (компиляция исходного файла "LabTest.cpp")
  
  Создание кода...
